<?xml version="1.0" encoding="UTF-8"?>
<!-- Generated by org.testng.reporters.JUnitXMLReporter -->
<testsuite hostname="DESKTOP-FNF69NB" ignored="0" name="OpenAccountTest" tests="3" failures="3" timestamp="26 Jul 2017 12:59:29 GMT" time="54.511" errors="0">
  <testcase name="openAccountTest" time="44.267" classname="com.w2a.suite.bankmanager.testcases.OpenAccountTest">
    <failure type="java.lang.AssertionError" message="Failing while clicking on an Elementprocess_CSS">
      <![CDATA[java.lang.AssertionError: Failing while clicking on an Elementprocess_CSS
	at com.w2a.datadriven.base.TestBase.reportFailure(TestBase.java:218)
	at com.w2a.datadriven.base.TestBase.click(TestBase.java:243)
	at com.w2a.suite.bankmanager.testcases.OpenAccountTest.openAccountTest(OpenAccountTest.java:34)
	at java.util.concurrent.FutureTask.run(FutureTask.java:266)
	at java.util.concurrent.Executors$RunnableAdapter.call(Executors.java:511)
	at java.util.concurrent.FutureTask.run(FutureTask.java:266)
	at java.util.concurrent.ThreadPoolExecutor.runWorker(ThreadPoolExecutor.java:1142)
	at java.util.concurrent.ThreadPoolExecutor$Worker.run(ThreadPoolExecutor.java:617)
	at java.lang.Thread.run(Thread.java:745)
... Removed 10 stack frames]]>
    </failure>
  </testcase> <!-- openAccountTest -->
  <testcase name="openAccountTest" time="45.232" classname="com.w2a.suite.bankmanager.testcases.OpenAccountTest">
    <failure type="java.lang.AssertionError" message="Failing while clicking on an Elementprocess_CSS">
      <![CDATA[java.lang.AssertionError: Failing while clicking on an Elementprocess_CSS
	at com.w2a.datadriven.base.TestBase.reportFailure(TestBase.java:218)
	at com.w2a.datadriven.base.TestBase.click(TestBase.java:243)
	at com.w2a.suite.bankmanager.testcases.OpenAccountTest.openAccountTest(OpenAccountTest.java:34)
	at java.util.concurrent.FutureTask.run(FutureTask.java:266)
	at java.util.concurrent.Executors$RunnableAdapter.call(Executors.java:511)
	at java.util.concurrent.FutureTask.run(FutureTask.java:266)
	at java.util.concurrent.ThreadPoolExecutor.runWorker(ThreadPoolExecutor.java:1142)
	at java.util.concurrent.ThreadPoolExecutor$Worker.run(ThreadPoolExecutor.java:617)
	at java.lang.Thread.run(Thread.java:745)
... Removed 10 stack frames]]>
    </failure>
  </testcase> <!-- openAccountTest -->
  <testcase name="openAccountTest" time="53.586" classname="com.w2a.suite.bankmanager.testcases.OpenAccountTest">
    <failure type="java.lang.AssertionError" message="Failing while clicking on an Elementprocess_CSS">
      <![CDATA[java.lang.AssertionError: Failing while clicking on an Elementprocess_CSS
	at com.w2a.datadriven.base.TestBase.reportFailure(TestBase.java:218)
	at com.w2a.datadriven.base.TestBase.click(TestBase.java:243)
	at com.w2a.suite.bankmanager.testcases.OpenAccountTest.openAccountTest(OpenAccountTest.java:34)
	at java.util.concurrent.FutureTask.run(FutureTask.java:266)
	at java.util.concurrent.Executors$RunnableAdapter.call(Executors.java:511)
	at java.util.concurrent.FutureTask.run(FutureTask.java:266)
	at java.util.concurrent.ThreadPoolExecutor.runWorker(ThreadPoolExecutor.java:1142)
	at java.util.concurrent.ThreadPoolExecutor$Worker.run(ThreadPoolExecutor.java:617)
	at java.lang.Thread.run(Thread.java:745)
... Removed 10 stack frames]]>
    </failure>
  </testcase> <!-- openAccountTest -->
</testsuite> <!-- OpenAccountTest -->
