<?xml version="1.0" encoding="UTF-8"?>
<!-- Generated by org.testng.reporters.JUnitXMLReporter -->
<testsuite hostname="DESKTOP-FNF69NB" name="Test" tests="1" failures="1" timestamp="15 Feb 2018 19:07:32 GMT" time="65.469" errors="0">
  <testcase name="feature" time="63.85" classname="runners.PositiveTest">
    <failure type="cucumber.runtime.CucumberException" message="junit.framework.ComparisonFailure: expected:&amp;lt;...1 Series Cars Under [$]1000 for Sale | Cars...&amp;gt; but was:&amp;lt;...1 Series Cars Under []1000 for Sale | Cars...&amp;gt;">
      <![CDATA[cucumber.runtime.CucumberException: junit.framework.ComparisonFailure: expected:<...1 Series Cars Under [$]1000 for Sale | Cars...> but was:<...1 Series Cars Under []1000 for Sale | Cars...>
	at cucumber.api.testng.TestNGCucumberRunner.runCucumber(TestNGCucumberRunner.java:69)
	at cucumber.api.testng.AbstractTestNGCucumberTests.feature(AbstractTestNGCucumberTests.java:21)
Caused by: junit.framework.ComparisonFailure: expected:<...1 Series Cars Under [$]1000 for Sale | Cars...> but was:<...1 Series Cars Under []1000 for Sale | Cars...>
	at junit.framework.Assert.assertEquals(Assert.java:100)
	at junit.framework.Assert.assertEquals(Assert.java:107)
	at steps.SearchCarsSteps.the_page_title_should_be(SearchCarsSteps.java:92)
	at âœ½.And the page title should be "Bmw 1 Series Cars Under $1000 for Sale | CarsGuide"(SearchCars.feature:20)
... Removed 25 stack frames]]>
    </failure>
  </testcase> <!-- feature -->
</testsuite> <!-- Test -->
