<?xml version="1.0" encoding="UTF-8"?>
<!-- Generated by org.testng.reporters.JUnitReportReporter -->
<testsuite skipped="0" hostname="DESKTOP-1BDQC6B" name="runners.PositiveTest" tests="1" failures="0" timestamp="01 May 2020 16:55:24 GMT" time="54.693" errors="1">
  <testcase name="runScenario" time="54.693" classname="runners.PositiveTest">
    <error type="org.openqa.selenium.NoSuchElementException" message="Cannot locate element with text: 1 SERIES
For documentation on this error, please visit: http://seleniumhq.org/exceptions/no_such_element.html
Build info: version: &#039;3.8.1&#039;, revision: &#039;6e95a6684b&#039;, time: &#039;2017-12-01T18:33:54.468Z&#039;
System info: host: &#039;DESKTOP-1BDQC6B&#039;, ip: &#039;192.168.137.1&#039;, os.name: &#039;Windows 10&#039;, os.arch: &#039;amd64&#039;, os.version: &#039;10.0&#039;, java.version: &#039;1.8.0_131&#039;
Driver info: driver.version: unknown">
      <![CDATA[org.openqa.selenium.NoSuchElementException: Cannot locate element with text: 1 SERIES
For documentation on this error, please visit: http://seleniumhq.org/exceptions/no_such_element.html
Build info: version: '3.8.1', revision: '6e95a6684b', time: '2017-12-01T18:33:54.468Z'
System info: host: 'DESKTOP-1BDQC6B', ip: '192.168.137.1', os.name: 'Windows 10', os.arch: 'amd64', os.version: '10.0', java.version: '1.8.0_131'
Driver info: driver.version: unknown
at org.openqa.selenium.support.ui.Select.selectByVisibleText(Select.java:151)
at pages.actions.CarSearchPageActions.selectCarModel(CarSearchPageActions.java:43)
at steps.SearchCarsSteps.select_car_model(SearchCarsSteps.java:53)
at âœ½.select "1 SERIES" as car model(file:src/test/resources/FeatureFiles/SearchCars.feature:15)
]]>
    </error>
  </testcase> <!-- runScenario -->
</testsuite> <!-- runners.PositiveTest -->
